[WARN][upload.go:20]2018/11/15 14:11:18 [invalid URL escape "%\x1f\x1a"]
[WARN][upload.go:20]2018/11/15 14:11:45 [invalid URL escape "%\x1f\x1a"]
[WARN][upload.go:45]2018/11/15 14:12:16 [open runtime/upload/images/48665b4f161942a98ca53920a98f44ab.jpg: no such file or directory]
[WARN][upload.go:45]2018/11/15 14:12:48 [open runtime/upload/images/359933cc69289390efded36818d1290a.jpg: no such file or directory]
[INFO][request.go:11]2018/11/15 18:00:41 [modified_by 状态不能为空]
[INFO][request.go:11]2018/11/15 18:00:52 [modified_by 状态不能为空]
[INFO][request.go:11]2018/11/15 18:01:12 [modified_by 状态不能为空]
[INFO][request.go:11]2018/11/15 18:04:53 [name 最长为二十个汉字或八十个字符]
[INFO][request.go:11]2018/11/15 18:04:59 [name 最长为二十个汉字或八十个字符]
[INFO][request.go:11]2018/11/15 18:05:14 [name 最长为二十个汉字或八十个字符]
[INFO][request.go:11]2018/11/15 18:06:37 [name 最长为二十个汉字或八十个字符]
[INFO][request.go:11]2018/11/15 18:06:38 [name 最长为二十个汉字或八十个字符]
[INFO][request.go:11]2018/11/15 18:07:03 [name 最长为二十个汉字或八十个字符]
[INFO][request.go:11]2018/11/15 18:07:27 [name 最长为二十个汉字或八十个字符]
[INFO][request.go:11]2018/11/15 18:07:30 [name 最长为二十个汉字或八十个字符]
[INFO][request.go:11]2018/11/15 18:10:16 [modified_by 状态不能为空]
[INFO][request.go:11]2018/11/15 18:10:33 [modified_by 状态不能为空]
[INFO][request.go:11]2018/11/15 18:14:25 [modified_by 状态不能为空]
[INFO][request.go:11]2018/11/15 18:15:23 [id ID不能为空]
[INFO][request.go:11]2018/11/15 18:15:23 [modified_by 状态不能为空]
[INFO][request.go:11]2018/11/15 18:16:44 [tag_id 标签ID必须大于0]
[INFO][request.go:11]2018/11/15 18:16:44 [title 标题不能为空]
[INFO][request.go:11]2018/11/15 18:16:44 [desc 简述不能为空]
[INFO][request.go:11]2018/11/15 18:16:44 [content 内容不能为空]
[INFO][request.go:11]2018/11/15 18:16:44 [created_by 创建人不能为空]
